d:\directx projects\directxengine\directxengine\release\vc141.pdb
d:\directx projects\directxengine\directxengine\release\winmain.obj
d:\directx projects\directxengine\directxengine\release\windowcontainer.obj
d:\directx projects\directxengine\directxengine\release\stringconverter.obj
d:\directx projects\directxengine\directxengine\release\renderwindow.obj
d:\directx projects\directxengine\directxengine\release\mouseevent.obj
d:\directx projects\directxengine\directxengine\release\mouseclass.obj
d:\directx projects\directxengine\directxengine\release\keyboardevent.obj
d:\directx projects\directxengine\directxengine\release\keyboardclass.obj
d:\directx projects\directxengine\directxengine\release\shaders.obj
d:\directx projects\directxengine\directxengine\release\graphics.obj
d:\directx projects\directxengine\directxengine\release\adapterreader.obj
d:\directx projects\directxengine\directxengine\release\errorlogger.obj
d:\directx projects\directxengine\directxengine\release\engine.obj
d:\directx projects\directxengine\directxengine\release\camera.obj
d:\directx projects\directxengine\directxengine\release\timer.obj
d:\directx projects\directxengine\directxengine\release\imgui_widgets.obj
d:\directx projects\directxengine\directxengine\release\imgui_impl_win32.obj
d:\directx projects\directxengine\directxengine\release\imgui_impl_dx11.obj
d:\directx projects\directxengine\directxengine\release\imgui_draw.obj
d:\directx projects\directxengine\directxengine\release\imgui.obj
d:\directx projects\directxengine\directxengine\release\imgui_demo.obj
d:\directx projects\directxengine\release\directxengine.ipdb
d:\directx projects\directxengine\release\directxengine.iobj
d:\directx projects\directxengine\release\pixelshader.cso
d:\directx projects\directxengine\release\vertexshader.cso
d:\directx projects\directxengine\release\directxengine.pdb
d:\directx projects\directxengine\directxengine\release\directxengine.tlog\cl.command.1.tlog
d:\directx projects\directxengine\directxengine\release\directxengine.tlog\cl.read.1.tlog
d:\directx projects\directxengine\directxengine\release\directxengine.tlog\cl.write.1.tlog
d:\directx projects\directxengine\directxengine\release\directxengine.tlog\directxengine.write.1u.tlog
d:\directx projects\directxengine\directxengine\release\directxengine.tlog\fxc.command.1.tlog
d:\directx projects\directxengine\directxengine\release\directxengine.tlog\fxc.read.1.tlog
d:\directx projects\directxengine\directxengine\release\directxengine.tlog\fxc.write.1.tlog
d:\directx projects\directxengine\directxengine\release\directxengine.tlog\link.command.1.tlog
d:\directx projects\directxengine\directxengine\release\directxengine.tlog\link.read.1.tlog
d:\directx projects\directxengine\directxengine\release\directxengine.tlog\link.write.1.tlog
