  pch.cpp
  AudioEngine.cpp
  DynamicSoundEffectInstance.cpp
  SoundCommon.cpp
  SoundEffect.cpp
  SoundEffectInstance.cpp
  WaveBank.cpp
  WaveBankReader.cpp
  WAVFileReader.cpp
  AlphaTestEffect.cpp
  BasicEffect.cpp
  BasicPostProcess.cpp
  CommonStates.cpp
  DDSTextureLoader.cpp
  DebugEffect.cpp
  DGSLEffect.cpp
  DGSLEffectFactory.cpp
  DualPostProcess.cpp
  DualTextureEffect.cpp
  BinaryReader.cpp
  EffectCommon.cpp
  Generating Code...
  Compiling...
  EffectFactory.cpp
  EnvironmentMapEffect.cpp
  GamePad.cpp
  GeometricPrimitive.cpp
  Geometry.cpp
  GraphicsMemory.cpp
  Keyboard.cpp
  Model.cpp
  ModelLoadCMO.cpp
  ModelLoadSDKMESH.cpp
  ModelLoadVBO.cpp
  Mouse.cpp
  NormalMapEffect.cpp
  PBREffect.cpp
  PBREffectFactory.cpp
  ScreenGrab.cpp
  SimpleMath.cpp
  SkinnedEffect.cpp
  SpriteBatch.cpp
  PrimitiveBatch.cpp
  Generating Code...
  Compiling...
  SpriteFont.cpp
  ToneMapPostProcess.cpp
  VertexTypes.cpp
  WICTextureLoader.cpp
  Generating Code...
  DirectXTK_Desktop_2017_Win10.vcxproj -> D:\DirectX Projects\DirectXTK-master\Bin\Desktop_2017_Win10\x64\Release\DirectXTK.lib
